<?xml version="1.0" encoding="UTF-8"?>
<testng-results skipped="0" failed="0" ignored="0" total="1" passed="1">
  <reporter-output>
  </reporter-output>
  <suite name="Default suite" duration-ms="5860" started-at="2017-12-16T03:45:29Z" finished-at="2017-12-16T03:45:35Z">
    <groups>
    </groups>
    <test name="Default test" duration-ms="5860" started-at="2017-12-16T03:45:29Z" finished-at="2017-12-16T03:45:35Z">
      <class name="tests.test2">
        <test-method status="PASS" signature="setUp()[pri:0, instance:tests.test2@47c62251]" name="setUp" is-config="true" duration-ms="5377" started-at="2017-12-15T22:45:29Z" finished-at="2017-12-15T22:45:34Z">
          <reporter-output>
          </reporter-output>
        </test-method> <!-- setUp -->
        <test-method status="PASS" signature="createFBAccountWith18less()[pri:0, instance:tests.test2@47c62251]" name="createFBAccountWith18less" duration-ms="464" started-at="2017-12-15T22:45:34Z" finished-at="2017-12-15T22:45:35Z">
          <reporter-output>
          </reporter-output>
        </test-method> <!-- createFBAccountWith18less -->
      </class> <!-- tests.test2 -->
    </test> <!-- Default test -->
  </suite> <!-- Default suite -->
</testng-results>
