<?xml version="1.0" encoding="UTF-8"?>
<testng-results skipped="0" failed="0" ignored="0" total="1" passed="1">
  <reporter-output>
  </reporter-output>
  <suite name="Default suite" duration-ms="9962" started-at="2017-12-10T16:03:57Z" finished-at="2017-12-10T16:04:07Z">
    <groups>
    </groups>
    <test name="Default test" duration-ms="9962" started-at="2017-12-10T16:03:57Z" finished-at="2017-12-10T16:04:07Z">
      <class name="tests.test2">
        <test-method status="PASS" signature="setUp()[pri:0, instance:tests.test2@1e88b3c]" name="setUp" is-config="true" duration-ms="9493" started-at="2017-12-10T11:03:57Z" finished-at="2017-12-10T11:04:07Z">
          <reporter-output>
          </reporter-output>
        </test-method> <!-- setUp -->
        <test-method status="PASS" signature="createFBAccountWith18less()[pri:0, instance:tests.test2@1e88b3c]" name="createFBAccountWith18less" duration-ms="450" started-at="2017-12-10T11:04:07Z" finished-at="2017-12-10T11:04:07Z">
          <reporter-output>
          </reporter-output>
        </test-method> <!-- createFBAccountWith18less -->
      </class> <!-- tests.test2 -->
    </test> <!-- Default test -->
  </suite> <!-- Default suite -->
</testng-results>
